<?xml version="1.0" encoding="UTF-8"?>
<!-- Generated by org.testng.reporters.JUnitReportReporter -->
<testsuite hostname="EPPLWROL0015" failures="0" tests="5" name="com.epam.mentoring.taf.SearchingByTagTest" time="6.680" errors="0" timestamp="2025-09-29T12:33:38 CEST" skipped="0">
  <testcase classname="com.epam.mentoring.taf.SearchingByTagTest" name="uiVerification" time="0.180"/>
  <system-out/>
  <testcase classname="com.epam.mentoring.taf.SearchingByTagTest" name="apiVerification2" time="0.861"/>
  <system-out/>
  <testcase classname="com.epam.mentoring.taf.SearchingByTagTest" name="apiVerification3" time="1.071"/>
  <system-out/>
  <testcase classname="com.epam.mentoring.taf.SearchingByTagTest" name="apiNegativeVerification" time="3.557"/>
  <system-out/>
  <testcase classname="com.epam.mentoring.taf.SearchingByTagTest" name="apiVerification1" time="1.011"/>
  <system-out/>
</testsuite> <!-- com.epam.mentoring.taf.SearchingByTagTest -->
