<?xml version="1.0" encoding="UTF-8"?>
<!-- Generated by org.testng.reporters.JUnitReportReporter -->
<testsuite hostname="EPPLWROL0015" failures="0" tests="1" name="com.epam.mentoring.taf.UserSignInTest" time="2.365" errors="0" timestamp="2025-09-29T12:37:53 CEST" skipped="0">
  <testcase classname="com.epam.mentoring.taf.UserSignInTest" name="apiNegativeVerification" time="2.365"/>
  <system-out/>
</testsuite> <!-- com.epam.mentoring.taf.UserSignInTest -->
