<?xml version="1.0" encoding="UTF-8"?>
<!-- Generated by org.testng.reporters.JUnitReportReporter -->
<testsuite hostname="EPPLWROL0015" failures="0" tests="1" name="com.epam.mentoring.taf.UserSignUpTest" time="2.429" errors="0" timestamp="2025-09-29T12:57:52 CEST" skipped="0">
  <testcase classname="com.epam.mentoring.taf.UserSignUpTest" name="apiAlreadyRegisteredVerification" time="2.429"/>
  <system-out/>
</testsuite> <!-- com.epam.mentoring.taf.UserSignUpTest -->
